0 info it worked if it ends with ok
1 verbose cli [ '/usr/bin/nodejs', '/usr/bin/npm', 'start' ]
2 info using npm@3.5.2
3 info using node@v4.2.6
4 verbose run-script [ 'prestart', 'start', 'poststart' ]
5 info lifecycle express-firebase@1.0.2~prestart: express-firebase@1.0.2
6 silly lifecycle express-firebase@1.0.2~prestart: no script for prestart, continuing
7 info lifecycle express-firebase@1.0.2~start: express-firebase@1.0.2
8 verbose lifecycle express-firebase@1.0.2~start: unsafe-perm in lifecycle true
9 verbose lifecycle express-firebase@1.0.2~start: PATH: /usr/share/npm/bin/node-gyp-bin:/media/acer/DATA/project/etube.ga/node_modules/.bin:/home/acer/bin:/home/acer/.local/bin:/usr/local/sbin:/usr/local/bin:/usr/sbin:/usr/bin:/sbin:/bin:/usr/games:/usr/local/games:/snap/bin
10 verbose lifecycle express-firebase@1.0.2~start: CWD: /media/acer/DATA/project/etube.ga
11 silly lifecycle express-firebase@1.0.2~start: Args: [ '-c',
11 silly lifecycle   'node --optimize_for_size --max_old_space_size=920 src/index.js' ]
12 silly lifecycle express-firebase@1.0.2~start: Returned: code: 1  signal: null
13 info lifecycle express-firebase@1.0.2~start: Failed to exec start script
14 verbose stack Error: express-firebase@1.0.2 start: `node --optimize_for_size --max_old_space_size=920 src/index.js`
14 verbose stack Exit status 1
14 verbose stack     at EventEmitter.<anonymous> (/usr/share/npm/lib/utils/lifecycle.js:232:16)
14 verbose stack     at emitTwo (events.js:87:13)
14 verbose stack     at EventEmitter.emit (events.js:172:7)
14 verbose stack     at ChildProcess.<anonymous> (/usr/share/npm/lib/utils/spawn.js:24:14)
14 verbose stack     at emitTwo (events.js:87:13)
14 verbose stack     at ChildProcess.emit (events.js:172:7)
14 verbose stack     at maybeClose (internal/child_process.js:821:16)
14 verbose stack     at Process.ChildProcess._handle.onexit (internal/child_process.js:211:5)
15 verbose pkgid express-firebase@1.0.2
16 verbose cwd /media/acer/DATA/project/etube.ga
17 error Linux 4.13.0-36-generic
18 error argv "/usr/bin/nodejs" "/usr/bin/npm" "start"
19 error node v4.2.6
20 error npm  v3.5.2
21 error code ELIFECYCLE
22 error express-firebase@1.0.2 start: `node --optimize_for_size --max_old_space_size=920 src/index.js`
22 error Exit status 1
23 error Failed at the express-firebase@1.0.2 start script 'node --optimize_for_size --max_old_space_size=920 src/index.js'.
23 error Make sure you have the latest version of node.js and npm installed.
23 error If you do, this is most likely a problem with the express-firebase package,
23 error not with npm itself.
23 error Tell the author that this fails on your system:
23 error     node --optimize_for_size --max_old_space_size=920 src/index.js
23 error You can get information on how to open an issue for this project with:
23 error     npm bugs express-firebase
23 error Or if that isn't available, you can get their info via:
23 error     npm owner ls express-firebase
23 error There is likely additional logging output above.
24 verbose exit [ 1, true ]
